2025-01-21 13:43:40,071 ERROR: Failed to fetch currencies: Failed to fetch currencies: {"timestamp":1737463420608,"status":401,"error":"Invalid Api Access Exception","message":"Provided API key is invalid. [Contact tech. support for assistance at support@currencyfreaks.com]","path":"/v2.0/rates/latest"}
2025-01-21 13:44:15,428 ERROR: Failed to fetch currencies: Failed to fetch currencies: {"timestamp":1737463455965,"status":401,"error":"Invalid Api Access Exception","message":"Provided API key is invalid. [Contact tech. support for assistance at support@currencyfreaks.com]","path":"/v2.0/rates/latest"}
2025-01-21 13:46:56,885 INFO: Fetched SEK exchange rate: 11.007
2025-01-21 13:46:56,886 ERROR: [Errno 2] No such file or directory: 'salaries.csv'
2025-01-21 13:47:53,862 INFO: Fetched SEK exchange rate: 11.007
2025-01-21 13:47:53,884 ERROR: CSV file must contain 'salary_usd' column
2025-01-21 13:50:03,719 INFO: Fetched SEK exchange rate: 11.007
2025-01-21 13:50:03,789 INFO: Salaries converted and exported successfully
2025-01-21 13:53:14,007 INFO: Fetched SEK exchange rate: 11.007
2025-01-21 13:53:14,050 INFO: Salaries converted and exported successfully
2025-01-21 13:56:36,739 INFO: Fetched SEK exchange rate: 11.007
2025-01-21 13:56:36,757 ERROR: Failed to export to database: table "salaries" already exists
2025-01-21 13:57:58,289 INFO: Fetched SEK exchange rate: 11.007
2025-01-21 13:57:58,324 INFO: Salaries converted and exported successfully
2025-01-21 13:58:09,915 INFO: Fetched SEK exchange rate: 11.007
2025-01-21 13:58:09,963 INFO: Salaries converted and exported successfully
2025-01-22 10:43:44,142 INFO: Fetched SEK exchange rate: 10.9988
2025-01-22 10:43:44,245 INFO: Salaries converted and exported successfully
2025-01-22 14:27:13,072 INFO: Fetched SEK exchange rate: 10.9988
2025-01-22 14:27:13,109 INFO: Salaries converted and exported successfully
2025-01-22 14:29:06,361 INFO: Fetched SEK exchange rate: 10.9988
2025-01-22 14:29:06,401 INFO: Salaries converted and exported successfully
2025-01-22 14:48:35,930 INFO: Fetched SEK exchange rate: 10.9988
2025-01-22 14:48:35,968 INFO: Salaries converted and exported successfully
2025-01-23 09:30:26,939 INFO: Fetched SEK exchange rate: 11.0088
2025-01-23 09:30:26,994 INFO: Salaries converted and exported successfully
2025-01-23 09:53:56,917 INFO: Fetched SEK exchange rate: 11.0088
2025-01-23 09:53:56,958 INFO: Salaries converted and exported successfully
2025-01-27 14:42:16,832 INFO: Fetched SEK exchange rate: 10.9621
2025-01-27 14:42:16,870 INFO: Salaries converted and exported successfully
2025-01-27 14:46:23,481 INFO: Fetched SEK exchange rate: 10.9621
2025-01-27 14:46:23,515 INFO: Salaries converted and exported successfully
2025-01-28 09:21:21,829 ERROR: Failed to fetch currencies: HTTPSConnectionPool(host='api.currencyfreaks.com', port=443): Max retries exceeded with url: /v2.0/rates/latest?apikey=929ce405b668474ea251cb0f2cb4764b (Caused by NameResolutionError("<urllib3.connection.HTTPSConnection object at 0x00000271AC360E10>: Failed to resolve 'api.currencyfreaks.com' ([Errno 11001] getaddrinfo failed)"))
2025-01-28 09:21:47,271 INFO: Fetched SEK exchange rate: 10.9852
2025-01-28 09:21:47,357 INFO: Salaries converted and exported successfully
2025-01-28 10:03:20,400 INFO: Fetched SEK exchange rate: 10.9852
2025-01-28 10:03:20,451 INFO: Salaries converted and exported successfully
2025-01-28 10:03:44,001 INFO: Fetched SEK exchange rate: 10.9852
2025-01-28 10:03:44,036 INFO: Salaries converted and exported successfully
2025-01-28 10:04:04,328 INFO: Fetched SEK exchange rate: 10.9852
2025-01-28 10:04:04,365 INFO: Salaries converted and exported successfully
